<?xml version="1.0" encoding="UTF-8"?>
<robot generator="Robot 4.1.3 (Python 3.10.1 on win32)" generated="20220105 23:31:15.078" rpa="false" schemaversion="2">
<suite id="s1" name="QuickStart" source="C:\PycharmProjects\ThBe\QuickStart\QuickStart.rst">
<kw name="Clear login database" type="SETUP">
<kw name="Remove File" library="OperatingSystem">
<arg>${DATABASE FILE}</arg>
<doc>Removes a file with the given path.</doc>
<msg timestamp="20220105 23:31:15.110" level="INFO" html="true">File '&lt;a href="file://C:\Users\thbe9\AppData\Local\Temp\robotframework-quickstart-db.txt"&gt;C:\Users\thbe9\AppData\Local\Temp\robotframework-quickstart-db.txt&lt;/a&gt;' does not exist.</msg>
<status status="PASS" starttime="20220105 23:31:15.110" endtime="20220105 23:31:15.110"/>
</kw>
<status status="PASS" starttime="20220105 23:31:15.110" endtime="20220105 23:31:15.111"/>
</kw>
<test id="s1-t1" name="User can create an account and log in">
<kw name="Create valid user">
<arg>fred</arg>
<arg>P4ssw0rd</arg>
<kw name="Create User" library="LoginLibrary">
<arg>${username}</arg>
<arg>${password}</arg>
<status status="PASS" starttime="20220105 23:31:15.111" endtime="20220105 23:31:15.157"/>
</kw>
<kw name="Status Should Be" library="LoginLibrary">
<arg>SUCCESS</arg>
<status status="PASS" starttime="20220105 23:31:15.157" endtime="20220105 23:31:15.157"/>
</kw>
<status status="PASS" starttime="20220105 23:31:15.111" endtime="20220105 23:31:15.158"/>
</kw>
<kw name="Attempt To Login With Credentials" library="LoginLibrary">
<arg>fred</arg>
<arg>P4ssw0rd</arg>
<status status="PASS" starttime="20220105 23:31:15.158" endtime="20220105 23:31:15.210"/>
</kw>
<kw name="Status Should Be" library="LoginLibrary">
<arg>Logged In</arg>
<status status="PASS" starttime="20220105 23:31:15.210" endtime="20220105 23:31:15.210"/>
</kw>
<kw name="Clear login database" type="TEARDOWN">
<kw name="Remove File" library="OperatingSystem">
<arg>${DATABASE FILE}</arg>
<doc>Removes a file with the given path.</doc>
<msg timestamp="20220105 23:31:15.211" level="INFO" html="true">Removed file '&lt;a href="file://C:\Users\thbe9\AppData\Local\Temp\robotframework-quickstart-db.txt"&gt;C:\Users\thbe9\AppData\Local\Temp\robotframework-quickstart-db.txt&lt;/a&gt;'.</msg>
<status status="PASS" starttime="20220105 23:31:15.211" endtime="20220105 23:31:15.211"/>
</kw>
<status status="PASS" starttime="20220105 23:31:15.211" endtime="20220105 23:31:15.211"/>
</kw>
<tag>example</tag>
<tag>quickstart</tag>
<tag>smoke</tag>
<status status="PASS" starttime="20220105 23:31:15.111" endtime="20220105 23:31:15.212"/>
</test>
<test id="s1-t2" name="User cannot log in with bad password">
<kw name="Create valid user">
<arg>betty</arg>
<arg>P4ssw0rd</arg>
<kw name="Create User" library="LoginLibrary">
<arg>${username}</arg>
<arg>${password}</arg>
<status status="PASS" starttime="20220105 23:31:15.213" endtime="20220105 23:31:15.255"/>
</kw>
<kw name="Status Should Be" library="LoginLibrary">
<arg>SUCCESS</arg>
<status status="PASS" starttime="20220105 23:31:15.255" endtime="20220105 23:31:15.255"/>
</kw>
<status status="PASS" starttime="20220105 23:31:15.212" endtime="20220105 23:31:15.255"/>
</kw>
<kw name="Attempt To Login With Credentials" library="LoginLibrary">
<arg>betty</arg>
<arg>wrong</arg>
<status status="PASS" starttime="20220105 23:31:15.256" endtime="20220105 23:31:15.307"/>
</kw>
<kw name="Status Should Be" library="LoginLibrary">
<arg>Access Denied</arg>
<status status="PASS" starttime="20220105 23:31:15.308" endtime="20220105 23:31:15.308"/>
</kw>
<kw name="Clear login database" type="TEARDOWN">
<kw name="Remove File" library="OperatingSystem">
<arg>${DATABASE FILE}</arg>
<doc>Removes a file with the given path.</doc>
<msg timestamp="20220105 23:31:15.309" level="INFO" html="true">Removed file '&lt;a href="file://C:\Users\thbe9\AppData\Local\Temp\robotframework-quickstart-db.txt"&gt;C:\Users\thbe9\AppData\Local\Temp\robotframework-quickstart-db.txt&lt;/a&gt;'.</msg>
<status status="PASS" starttime="20220105 23:31:15.308" endtime="20220105 23:31:15.309"/>
</kw>
<status status="PASS" starttime="20220105 23:31:15.308" endtime="20220105 23:31:15.309"/>
</kw>
<tag>example</tag>
<tag>quickstart</tag>
<tag>smoke</tag>
<status status="PASS" starttime="20220105 23:31:15.212" endtime="20220105 23:31:15.309"/>
</test>
<test id="s1-t3" name="User can change password">
<kw name="Given a user has a valid account">
<kw name="Create valid user">
<arg>${USERNAME}</arg>
<arg>${PASSWORD}</arg>
<kw name="Create User" library="LoginLibrary">
<arg>${username}</arg>
<arg>${password}</arg>
<status status="PASS" starttime="20220105 23:31:15.310" endtime="20220105 23:31:15.352"/>
</kw>
<kw name="Status Should Be" library="LoginLibrary">
<arg>SUCCESS</arg>
<status status="PASS" starttime="20220105 23:31:15.352" endtime="20220105 23:31:15.352"/>
</kw>
<status status="PASS" starttime="20220105 23:31:15.310" endtime="20220105 23:31:15.353"/>
</kw>
<status status="PASS" starttime="20220105 23:31:15.310" endtime="20220105 23:31:15.353"/>
</kw>
<kw name="When she changes her password">
<kw name="Change Password" library="LoginLibrary">
<arg>${USERNAME}</arg>
<arg>${PASSWORD}</arg>
<arg>${NEW PASSWORD}</arg>
<status status="PASS" starttime="20220105 23:31:15.353" endtime="20220105 23:31:15.403"/>
</kw>
<kw name="Status Should Be" library="LoginLibrary">
<arg>SUCCESS</arg>
<status status="PASS" starttime="20220105 23:31:15.403" endtime="20220105 23:31:15.403"/>
</kw>
<status status="PASS" starttime="20220105 23:31:15.353" endtime="20220105 23:31:15.403"/>
</kw>
<kw name="Then she can log in with the new password">
<kw name="Login">
<arg>${USERNAME}</arg>
<arg>${NEW PASSWORD}</arg>
<kw name="Attempt To Login With Credentials" library="LoginLibrary">
<arg>${username}</arg>
<arg>${password}</arg>
<status status="PASS" starttime="20220105 23:31:15.404" endtime="20220105 23:31:15.452"/>
</kw>
<kw name="Status Should Be" library="LoginLibrary">
<arg>Logged In</arg>
<status status="PASS" starttime="20220105 23:31:15.452" endtime="20220105 23:31:15.453"/>
</kw>
<status status="PASS" starttime="20220105 23:31:15.404" endtime="20220105 23:31:15.453"/>
</kw>
<status status="PASS" starttime="20220105 23:31:15.404" endtime="20220105 23:31:15.453"/>
</kw>
<kw name="And she cannot use the old password anymore">
<kw name="Attempt To Login With Credentials" library="LoginLibrary">
<arg>${USERNAME}</arg>
<arg>${PASSWORD}</arg>
<status status="PASS" starttime="20220105 23:31:15.453" endtime="20220105 23:31:15.499"/>
</kw>
<kw name="Status Should Be" library="LoginLibrary">
<arg>Access Denied</arg>
<status status="PASS" starttime="20220105 23:31:15.499" endtime="20220105 23:31:15.499"/>
</kw>
<status status="PASS" starttime="20220105 23:31:15.453" endtime="20220105 23:31:15.499"/>
</kw>
<kw name="Clear login database" type="TEARDOWN">
<kw name="Remove File" library="OperatingSystem">
<arg>${DATABASE FILE}</arg>
<doc>Removes a file with the given path.</doc>
<msg timestamp="20220105 23:31:15.500" level="INFO" html="true">Removed file '&lt;a href="file://C:\Users\thbe9\AppData\Local\Temp\robotframework-quickstart-db.txt"&gt;C:\Users\thbe9\AppData\Local\Temp\robotframework-quickstart-db.txt&lt;/a&gt;'.</msg>
<status status="PASS" starttime="20220105 23:31:15.500" endtime="20220105 23:31:15.500"/>
</kw>
<status status="PASS" starttime="20220105 23:31:15.500" endtime="20220105 23:31:15.500"/>
</kw>
<tag>example</tag>
<tag>quickstart</tag>
<tag>smoke</tag>
<status status="PASS" starttime="20220105 23:31:15.310" endtime="20220105 23:31:15.501"/>
</test>
<test id="s1-t4" name="Invalid password">
<kw name="Creating user with invalid password should fail">
<arg>abCD5</arg>
<arg>${PWD INVALID LENGTH}</arg>
<kw name="Create User" library="LoginLibrary">
<arg>example</arg>
<arg>${password}</arg>
<status status="PASS" starttime="20220105 23:31:15.501" endtime="20220105 23:31:15.542"/>
</kw>
<kw name="Status Should Be" library="LoginLibrary">
<arg>Creating user failed: ${error}</arg>
<status status="PASS" starttime="20220105 23:31:15.542" endtime="20220105 23:31:15.543"/>
</kw>
<status status="PASS" starttime="20220105 23:31:15.501" endtime="20220105 23:31:15.543"/>
</kw>
<kw name="Creating user with invalid password should fail">
<arg>abCD567890123</arg>
<arg>${PWD INVALID LENGTH}</arg>
<kw name="Create User" library="LoginLibrary">
<arg>example</arg>
<arg>${password}</arg>
<status status="PASS" starttime="20220105 23:31:15.543" endtime="20220105 23:31:15.585"/>
</kw>
<kw name="Status Should Be" library="LoginLibrary">
<arg>Creating user failed: ${error}</arg>
<status status="PASS" starttime="20220105 23:31:15.585" endtime="20220105 23:31:15.585"/>
</kw>
<status status="PASS" starttime="20220105 23:31:15.543" endtime="20220105 23:31:15.585"/>
</kw>
<kw name="Creating user with invalid password should fail">
<arg>123DEFG</arg>
<arg>${PWD INVALID CONTENT}</arg>
<kw name="Create User" library="LoginLibrary">
<arg>example</arg>
<arg>${password}</arg>
<status status="PASS" starttime="20220105 23:31:15.586" endtime="20220105 23:31:15.627"/>
</kw>
<kw name="Status Should Be" library="LoginLibrary">
<arg>Creating user failed: ${error}</arg>
<status status="PASS" starttime="20220105 23:31:15.627" endtime="20220105 23:31:15.627"/>
</kw>
<status status="PASS" starttime="20220105 23:31:15.586" endtime="20220105 23:31:15.627"/>
</kw>
<kw name="Creating user with invalid password should fail">
<arg>abcd56789</arg>
<arg>${PWD INVALID CONTENT}</arg>
<kw name="Create User" library="LoginLibrary">
<arg>example</arg>
<arg>${password}</arg>
<status status="PASS" starttime="20220105 23:31:15.628" endtime="20220105 23:31:15.668"/>
</kw>
<kw name="Status Should Be" library="LoginLibrary">
<arg>Creating user failed: ${error}</arg>
<status status="PASS" starttime="20220105 23:31:15.668" endtime="20220105 23:31:15.669"/>
</kw>
<status status="PASS" starttime="20220105 23:31:15.627" endtime="20220105 23:31:15.669"/>
</kw>
<kw name="Creating user with invalid password should fail">
<arg>AbCdEfGh</arg>
<arg>${PWD INVALID CONTENT}</arg>
<kw name="Create User" library="LoginLibrary">
<arg>example</arg>
<arg>${password}</arg>
<status status="PASS" starttime="20220105 23:31:15.669" endtime="20220105 23:31:15.709"/>
</kw>
<kw name="Status Should Be" library="LoginLibrary">
<arg>Creating user failed: ${error}</arg>
<status status="PASS" starttime="20220105 23:31:15.709" endtime="20220105 23:31:15.710"/>
</kw>
<status status="PASS" starttime="20220105 23:31:15.669" endtime="20220105 23:31:15.710"/>
</kw>
<kw name="Creating user with invalid password should fail">
<arg>abCD56+</arg>
<arg>${PWD INVALID CONTENT}</arg>
<kw name="Create User" library="LoginLibrary">
<arg>example</arg>
<arg>${password}</arg>
<status status="PASS" starttime="20220105 23:31:15.710" endtime="20220105 23:31:15.751"/>
</kw>
<kw name="Status Should Be" library="LoginLibrary">
<arg>Creating user failed: ${error}</arg>
<status status="PASS" starttime="20220105 23:31:15.751" endtime="20220105 23:31:15.751"/>
</kw>
<status status="PASS" starttime="20220105 23:31:15.710" endtime="20220105 23:31:15.751"/>
</kw>
<kw name="Clear login database" type="TEARDOWN">
<kw name="Remove File" library="OperatingSystem">
<arg>${DATABASE FILE}</arg>
<doc>Removes a file with the given path.</doc>
<msg timestamp="20220105 23:31:15.752" level="INFO" html="true">Removed file '&lt;a href="file://C:\Users\thbe9\AppData\Local\Temp\robotframework-quickstart-db.txt"&gt;C:\Users\thbe9\AppData\Local\Temp\robotframework-quickstart-db.txt&lt;/a&gt;'.</msg>
<status status="PASS" starttime="20220105 23:31:15.752" endtime="20220105 23:31:15.752"/>
</kw>
<status status="PASS" starttime="20220105 23:31:15.751" endtime="20220105 23:31:15.752"/>
</kw>
<tag>example</tag>
<tag>quickstart</tag>
<tag>smoke</tag>
<status status="PASS" starttime="20220105 23:31:15.501" endtime="20220105 23:31:15.753"/>
</test>
<test id="s1-t5" name="User status is stored in database">
<kw name="Create valid user">
<arg>${USERNAME}</arg>
<arg>${PASSWORD}</arg>
<kw name="Create User" library="LoginLibrary">
<arg>${username}</arg>
<arg>${password}</arg>
<status status="PASS" starttime="20220105 23:31:15.753" endtime="20220105 23:31:15.793"/>
</kw>
<kw name="Status Should Be" library="LoginLibrary">
<arg>SUCCESS</arg>
<status status="PASS" starttime="20220105 23:31:15.794" endtime="20220105 23:31:15.794"/>
</kw>
<status status="PASS" starttime="20220105 23:31:15.753" endtime="20220105 23:31:15.794"/>
</kw>
<kw name="Database Should Contain">
<arg>${USERNAME}</arg>
<arg>${PASSWORD}</arg>
<arg>Inactive</arg>
<kw name="Get File" library="OperatingSystem">
<var>${database}</var>
<arg>${DATABASE FILE}</arg>
<doc>Returns the contents of a specified file.</doc>
<msg timestamp="20220105 23:31:15.795" level="INFO" html="true">Getting file '&lt;a href="file://C:\Users\thbe9\AppData\Local\Temp\robotframework-quickstart-db.txt"&gt;C:\Users\thbe9\AppData\Local\Temp\robotframework-quickstart-db.txt&lt;/a&gt;'.</msg>
<msg timestamp="20220105 23:31:15.795" level="INFO">${database} = janedoe	J4n3D0e	Inactive
</msg>
<status status="PASS" starttime="20220105 23:31:15.795" endtime="20220105 23:31:15.795"/>
</kw>
<kw name="Should Contain" library="BuiltIn">
<arg>${database}</arg>
<arg>${username}\t${password}\t${status}\n</arg>
<doc>Fails if ``container`` does not contain ``item`` one or more times.</doc>
<status status="PASS" starttime="20220105 23:31:15.796" endtime="20220105 23:31:15.796"/>
</kw>
<status status="PASS" starttime="20220105 23:31:15.794" endtime="20220105 23:31:15.796"/>
</kw>
<kw name="Login">
<arg>${USERNAME}</arg>
<arg>${PASSWORD}</arg>
<kw name="Attempt To Login With Credentials" library="LoginLibrary">
<arg>${username}</arg>
<arg>${password}</arg>
<status status="PASS" starttime="20220105 23:31:15.796" endtime="20220105 23:31:15.838"/>
</kw>
<kw name="Status Should Be" library="LoginLibrary">
<arg>Logged In</arg>
<status status="PASS" starttime="20220105 23:31:15.838" endtime="20220105 23:31:15.838"/>
</kw>
<status status="PASS" starttime="20220105 23:31:15.796" endtime="20220105 23:31:15.838"/>
</kw>
<kw name="Database Should Contain">
<arg>${USERNAME}</arg>
<arg>${PASSWORD}</arg>
<arg>Active</arg>
<kw name="Get File" library="OperatingSystem">
<var>${database}</var>
<arg>${DATABASE FILE}</arg>
<doc>Returns the contents of a specified file.</doc>
<msg timestamp="20220105 23:31:15.839" level="INFO" html="true">Getting file '&lt;a href="file://C:\Users\thbe9\AppData\Local\Temp\robotframework-quickstart-db.txt"&gt;C:\Users\thbe9\AppData\Local\Temp\robotframework-quickstart-db.txt&lt;/a&gt;'.</msg>
<msg timestamp="20220105 23:31:15.842" level="INFO">${database} = janedoe	J4n3D0e	Active
</msg>
<status status="PASS" starttime="20220105 23:31:15.839" endtime="20220105 23:31:15.843"/>
</kw>
<kw name="Should Contain" library="BuiltIn">
<arg>${database}</arg>
<arg>${username}\t${password}\t${status}\n</arg>
<doc>Fails if ``container`` does not contain ``item`` one or more times.</doc>
<status status="PASS" starttime="20220105 23:31:15.843" endtime="20220105 23:31:15.843"/>
</kw>
<status status="PASS" starttime="20220105 23:31:15.839" endtime="20220105 23:31:15.843"/>
</kw>
<kw name="Clear login database" type="TEARDOWN">
<kw name="Remove File" library="OperatingSystem">
<arg>${DATABASE FILE}</arg>
<doc>Removes a file with the given path.</doc>
<msg timestamp="20220105 23:31:15.844" level="INFO" html="true">Removed file '&lt;a href="file://C:\Users\thbe9\AppData\Local\Temp\robotframework-quickstart-db.txt"&gt;C:\Users\thbe9\AppData\Local\Temp\robotframework-quickstart-db.txt&lt;/a&gt;'.</msg>
<status status="PASS" starttime="20220105 23:31:15.843" endtime="20220105 23:31:15.844"/>
</kw>
<status status="PASS" starttime="20220105 23:31:15.843" endtime="20220105 23:31:15.844"/>
</kw>
<tag>database</tag>
<tag>quickstart</tag>
<tag>variables</tag>
<status status="PASS" starttime="20220105 23:31:15.753" endtime="20220105 23:31:15.844"/>
</test>
<status status="PASS" starttime="20220105 23:31:15.079" endtime="20220105 23:31:15.845"/>
</suite>
<statistics>
<total>
<stat pass="5" fail="0" skip="0">All Tests</stat>
</total>
<tag>
<stat pass="1" fail="0" skip="0">database</stat>
<stat pass="4" fail="0" skip="0">example</stat>
<stat pass="5" fail="0" skip="0">quickstart</stat>
<stat pass="4" fail="0" skip="0">smoke</stat>
<stat pass="1" fail="0" skip="0">variables</stat>
</tag>
<suite>
<stat pass="5" fail="0" skip="0" id="s1" name="QuickStart">QuickStart</stat>
</suite>
</statistics>
<errors>
</errors>
</robot>
