<?xml version="1.0" encoding="UTF-8"?>
<robot generator="Robot 4.1.3 (Python 3.10.1 on win32)" generated="20220106 11:20:27.899" rpa="false" schemaversion="2">
<suite id="s1" name="Getting-Started" source="C:\PycharmProjects\DemoTestCases\getting-started.robot">
<test id="s1-t1" name="Valid Login">
<kw name="Open Login Page">
<kw name="New Browser" library="Browser">
<arg>${BROWSER_TYPE}</arg>
<arg>headless=false</arg>
<tag>BrowserControl</tag>
<tag>Setter</tag>
<doc>Create a new playwright Browser with specified options.</doc>
<msg timestamp="20220106 11:20:28.580" level="INFO">{"browser": "webkit", "headless": false, "handleSIGINT": true, "handleSIGTERM": true, "handleSIGHUP": true, "timeout": 30000.0, "devtools": false, "slowMo": 0.0, "tracesDir": "C:\\PycharmProjects\\DemoTestCases\\browser\\traces\\d4707bf8-fb43-4c6e-a46b-048bbb3e1262"}</msg>
<msg timestamp="20220106 11:20:28.716" level="INFO">Successfully created browser with options: {"browser":"webkit","headless":false,"handleSIGINT":true,"handleSIGTERM":true,"handleSIGHUP":true,"timeout":30000,"devtools":false,"slowMo":0,"tracesDir":"C:\\PycharmProjects\\DemoTestCases\\browser\\traces\\d4707bf8-fb43-4c6e-a46b-048bbb3e1262"}</msg>
<status status="PASS" starttime="20220106 11:20:28.580" endtime="20220106 11:20:28.716"/>
</kw>
<kw name="New Page" library="Browser">
<arg>${DEMO_URL}</arg>
<tag>BrowserControl</tag>
<tag>Setter</tag>
<doc>Open a new Page.</doc>
<msg timestamp="20220106 11:20:28.876" level="INFO">Successfully initialized new page object and opened url: https://robotframework.org/demoapp</msg>
<msg timestamp="20220106 11:20:28.876" level="INFO">No context was open. New context was automatically opened when this page is created.</msg>
<status status="PASS" starttime="20220106 11:20:28.716" endtime="20220106 11:20:28.876"/>
</kw>
<kw name="Login Page Should Be Open">
<kw name="Get Url" library="Browser">
<arg>==</arg>
<arg>${DEMO_URL}</arg>
<tag>Assertion</tag>
<tag>Getter</tag>
<tag>PageContent</tag>
<doc>Returns the current URL.</doc>
<status status="PASS" starttime="20220106 11:20:28.876" endtime="20220106 11:20:28.878"/>
</kw>
<kw name="Get Title" library="Browser">
<arg>==</arg>
<arg>Robot Framework</arg>
<tag>Assertion</tag>
<tag>Getter</tag>
<tag>PageContent</tag>
<doc>Returns the title of the current page.</doc>
<status status="PASS" starttime="20220106 11:20:28.878" endtime="20220106 11:20:28.910"/>
</kw>
<status status="PASS" starttime="20220106 11:20:28.876" endtime="20220106 11:20:28.910"/>
</kw>
<status status="PASS" starttime="20220106 11:20:28.580" endtime="20220106 11:20:28.910"/>
</kw>
<kw name="Input Credentials">
<arg>robot</arg>
<arg>overloard</arg>
<kw name="Type Text" library="Browser">
<arg>text=Username</arg>
<arg>${username}</arg>
<tag>PageContent</tag>
<tag>Setter</tag>
<doc>Types the given ``txt`` into the text field found by ``selector``.</doc>
<msg timestamp="20220106 11:20:28.911" level="INFO">Types the text 'robot' in the given field.</msg>
<status status="PASS" starttime="20220106 11:20:28.910" endtime="20220106 11:20:29.063"/>
</kw>
<kw name="Type Text" library="Browser">
<arg>text=Password</arg>
<arg>${password}</arg>
<tag>PageContent</tag>
<tag>Setter</tag>
<doc>Types the given ``txt`` into the text field found by ``selector``.</doc>
<msg timestamp="20220106 11:20:29.064" level="INFO">Types the text 'overloard' in the given field.</msg>
<status status="PASS" starttime="20220106 11:20:29.063" endtime="20220106 11:20:29.112"/>
</kw>
<status status="PASS" starttime="20220106 11:20:28.910" endtime="20220106 11:20:29.112"/>
</kw>
<kw name="Submit Credentials">
<kw name="Click" library="Browser">
<arg>input[type=submit]</arg>
<tag>PageContent</tag>
<tag>Setter</tag>
<doc>Simulates mouse click on the element found by ``selector``.</doc>
<status status="PASS" starttime="20220106 11:20:29.113" endtime="20220106 11:20:29.299"/>
</kw>
<status status="PASS" starttime="20220106 11:20:29.112" endtime="20220106 11:20:29.299"/>
</kw>
<kw name="Welcome Page Should Be Open">
<kw name="Get Url" library="Browser">
<arg>==</arg>
<arg>${DEMO URL}</arg>
<tag>Assertion</tag>
<tag>Getter</tag>
<tag>PageContent</tag>
<doc>Returns the current URL.</doc>
<status status="PASS" starttime="20220106 11:20:29.300" endtime="20220106 11:20:29.301"/>
</kw>
<kw name="Get Text" library="Browser">
<arg>body</arg>
<arg>==</arg>
<arg>I salute you, Robot overloard!</arg>
<tag>Assertion</tag>
<tag>Getter</tag>
<tag>PageContent</tag>
<doc>Returns text attribute of the element found by ``selector``.</doc>
<status status="PASS" starttime="20220106 11:20:29.301" endtime="20220106 11:20:29.320"/>
</kw>
<kw name="Get Title" library="Browser">
<arg>==</arg>
<arg>Robots rule</arg>
<tag>Assertion</tag>
<tag>Getter</tag>
<tag>PageContent</tag>
<doc>Returns the title of the current page.</doc>
<status status="PASS" starttime="20220106 11:20:29.320" endtime="20220106 11:20:29.322"/>
</kw>
<status status="PASS" starttime="20220106 11:20:29.299" endtime="20220106 11:20:29.322"/>
</kw>
<status status="PASS" starttime="20220106 11:20:28.578" endtime="20220106 11:20:29.323"/>
</test>
<doc>A test suite for valid login.

Keywords are imported from the resource file</doc>
<status status="PASS" starttime="20220106 11:20:27.900" endtime="20220106 11:20:29.343"/>
</suite>
<statistics>
<total>
<stat pass="1" fail="0" skip="0">All Tests</stat>
</total>
<tag>
</tag>
<suite>
<stat pass="1" fail="0" skip="0" id="s1" name="Getting-Started">Getting-Started</stat>
</suite>
</statistics>
<errors>
</errors>
</robot>
