<?xml version="1.0" encoding="UTF-8"?>
<robot generator="Robot 4.1.3 (Python 3.10.1 on win32)" generated="20211223 21:00:04.748" rpa="false" schemaversion="2">
<suite id="s1" name="Front Office" source="C:\PycharmProjects\udemy_01\tests\Front_Office.robot">
<test id="s1-t1" name="Should be able to access &quot;Team&quot; page">
<kw name="Begin Web Test" library="CommonWeb" type="SETUP">
<kw name="Open Browser" library="SeleniumLibrary">
<arg>about:blank</arg>
<arg>${BROWSER}</arg>
<doc>Opens a new browser instance to the optional ``url``.</doc>
<msg timestamp="20211223 21:00:04.901" level="INFO">Opening browser 'firefox' to base url 'about:blank'.</msg>
<msg timestamp="20211223 21:00:04.902" level="INFO">Firefox driver log is always forced to to: C:\PycharmProjects\udemy_01\results\geckodriver-5.log</msg>
<status status="PASS" starttime="20211223 21:00:04.901" endtime="20211223 21:00:10.576"/>
</kw>
<status status="PASS" starttime="20211223 21:00:04.901" endtime="20211223 21:00:10.576"/>
</kw>
<kw name="Go to Landing Page" library="FrontOfficeApp">
<kw name="Navigate To" library="Landing">
<kw name="Go To" library="SeleniumLibrary">
<arg>${URL}</arg>
<doc>Navigates the current browser window to the provided ``url``.</doc>
<msg timestamp="20211223 21:00:10.577" level="INFO">Opening url 'http://www.robotframeworktutorial.com/front-office'</msg>
<status status="PASS" starttime="20211223 21:00:10.577" endtime="20211223 21:00:13.241"/>
</kw>
<status status="PASS" starttime="20211223 21:00:10.577" endtime="20211223 21:00:13.241"/>
</kw>
<kw name="Verify Page Loaded" library="Landing">
<kw name="Wait Until Page Contains Element" library="SeleniumLibrary">
<arg>${LANDING_NAVIGATION_ELEMENT}</arg>
<doc>Waits until the element ``locator`` appears on the current page.</doc>
<status status="PASS" starttime="20211223 21:00:13.241" endtime="20211223 21:00:13.248"/>
</kw>
<status status="PASS" starttime="20211223 21:00:13.241" endtime="20211223 21:00:13.248"/>
</kw>
<status status="PASS" starttime="20211223 21:00:10.577" endtime="20211223 21:00:13.248"/>
</kw>
<kw name="Go to &quot;Team&quot; Page" library="FrontOfficeApp">
<kw name="Select &quot;Team&quot; Page" library="TopNav">
<kw name="Click Element" library="SeleniumLibrary">
<arg>${TOP_NAV_TEAM_LINK}</arg>
<doc>Click the element identified by ``locator``.</doc>
<msg timestamp="20211223 21:00:13.249" level="INFO">Clicking element 'css=#bs-example-navbar-collapse-1 &gt; ul &gt; li:nth-child(5) &gt; a'.</msg>
<status status="PASS" starttime="20211223 21:00:13.249" endtime="20211223 21:00:13.467"/>
</kw>
<kw name="Sleep" library="BuiltIn">
<arg>3s</arg>
<doc>Pauses the test executed for the given time.</doc>
<msg timestamp="20211223 21:00:16.482" level="INFO">Slept 3 seconds</msg>
<status status="PASS" starttime="20211223 21:00:13.467" endtime="20211223 21:00:16.482"/>
</kw>
<status status="PASS" starttime="20211223 21:00:13.249" endtime="20211223 21:00:16.482"/>
</kw>
<kw name="Verify Page Loaded" library="Team">
<kw name="Wait Until Page Contains Element" library="SeleniumLibrary">
<arg>${TEAM_HEADER_LABEL}</arg>
<doc>Waits until the element ``locator`` appears on the current page.</doc>
<status status="PASS" starttime="20211223 21:00:16.483" endtime="20211223 21:00:16.489"/>
</kw>
<status status="PASS" starttime="20211223 21:00:16.482" endtime="20211223 21:00:16.489"/>
</kw>
<status status="PASS" starttime="20211223 21:00:13.249" endtime="20211223 21:00:16.489"/>
</kw>
<kw name="End Web Test" library="CommonWeb" type="TEARDOWN">
<kw name="Close All Browsers" library="SeleniumLibrary">
<doc>Closes all open browsers and resets the browser cache.</doc>
<status status="PASS" starttime="20211223 21:00:16.491" endtime="20211223 21:00:16.929"/>
</kw>
<status status="PASS" starttime="20211223 21:00:16.490" endtime="20211223 21:00:16.929"/>
</kw>
<doc>This is test 1</doc>
<tag>test1</tag>
<status status="PASS" starttime="20211223 21:00:04.900" endtime="20211223 21:00:16.929"/>
</test>
<test id="s1-t2" name="&quot;Team&quot; page should match requirements">
<kw name="Begin Web Test" library="CommonWeb" type="SETUP">
<kw name="Open Browser" library="SeleniumLibrary">
<arg>about:blank</arg>
<arg>${BROWSER}</arg>
<doc>Opens a new browser instance to the optional ``url``.</doc>
<msg timestamp="20211223 21:00:16.930" level="INFO">Opening browser 'firefox' to base url 'about:blank'.</msg>
<msg timestamp="20211223 21:00:16.931" level="INFO">Firefox driver log is always forced to to: C:\PycharmProjects\udemy_01\results\geckodriver-6.log</msg>
<status status="PASS" starttime="20211223 21:00:16.930" endtime="20211223 21:00:22.094"/>
</kw>
<status status="PASS" starttime="20211223 21:00:16.930" endtime="20211223 21:00:22.094"/>
</kw>
<kw name="Go to Landing Page" library="FrontOfficeApp">
<kw name="Navigate To" library="Landing">
<kw name="Go To" library="SeleniumLibrary">
<arg>${URL}</arg>
<doc>Navigates the current browser window to the provided ``url``.</doc>
<msg timestamp="20211223 21:00:22.095" level="INFO">Opening url 'http://www.robotframeworktutorial.com/front-office'</msg>
<status status="PASS" starttime="20211223 21:00:22.095" endtime="20211223 21:00:24.845"/>
</kw>
<status status="PASS" starttime="20211223 21:00:22.095" endtime="20211223 21:00:24.845"/>
</kw>
<kw name="Verify Page Loaded" library="Landing">
<kw name="Wait Until Page Contains Element" library="SeleniumLibrary">
<arg>${LANDING_NAVIGATION_ELEMENT}</arg>
<doc>Waits until the element ``locator`` appears on the current page.</doc>
<status status="PASS" starttime="20211223 21:00:24.846" endtime="20211223 21:00:24.854"/>
</kw>
<status status="PASS" starttime="20211223 21:00:24.846" endtime="20211223 21:00:24.854"/>
</kw>
<status status="PASS" starttime="20211223 21:00:22.095" endtime="20211223 21:00:24.854"/>
</kw>
<kw name="Go to &quot;Team&quot; Page" library="FrontOfficeApp">
<kw name="Select &quot;Team&quot; Page" library="TopNav">
<kw name="Click Element" library="SeleniumLibrary">
<arg>${TOP_NAV_TEAM_LINK}</arg>
<doc>Click the element identified by ``locator``.</doc>
<msg timestamp="20211223 21:00:24.855" level="INFO">Clicking element 'css=#bs-example-navbar-collapse-1 &gt; ul &gt; li:nth-child(5) &gt; a'.</msg>
<status status="PASS" starttime="20211223 21:00:24.854" endtime="20211223 21:00:25.070"/>
</kw>
<kw name="Sleep" library="BuiltIn">
<arg>3s</arg>
<doc>Pauses the test executed for the given time.</doc>
<msg timestamp="20211223 21:00:28.085" level="INFO">Slept 3 seconds</msg>
<status status="PASS" starttime="20211223 21:00:25.070" endtime="20211223 21:00:28.085"/>
</kw>
<status status="PASS" starttime="20211223 21:00:24.854" endtime="20211223 21:00:28.086"/>
</kw>
<kw name="Verify Page Loaded" library="Team">
<kw name="Wait Until Page Contains Element" library="SeleniumLibrary">
<arg>${TEAM_HEADER_LABEL}</arg>
<doc>Waits until the element ``locator`` appears on the current page.</doc>
<status status="PASS" starttime="20211223 21:00:28.087" endtime="20211223 21:00:28.098"/>
</kw>
<status status="PASS" starttime="20211223 21:00:28.086" endtime="20211223 21:00:28.099"/>
</kw>
<status status="PASS" starttime="20211223 21:00:24.854" endtime="20211223 21:00:28.099"/>
</kw>
<kw name="Validate &quot;Team&quot; Page" library="FrontOfficeApp">
<kw name="Validate Page Contents" library="Team">
<kw name="Get Text" library="SeleniumLibrary">
<var>${ElementText}</var>
<arg>${TEAM_HEADER_LABEL}</arg>
<doc>Returns the text value of the element identified by ``locator``.</doc>
<msg timestamp="20211223 21:00:28.113" level="INFO">${ElementText} = OUR AMAZING TEAM</msg>
<status status="PASS" starttime="20211223 21:00:28.103" endtime="20211223 21:00:28.113"/>
</kw>
<kw name="Should Be Equal As Strings" library="BuiltIn">
<arg>${ElementText}</arg>
<arg>Our Amazing Team</arg>
<arg>ignore_case=true</arg>
<doc>Fails if objects are unequal after converting them to strings.</doc>
<status status="PASS" starttime="20211223 21:00:28.113" endtime="20211223 21:00:28.113"/>
</kw>
<status status="PASS" starttime="20211223 21:00:28.102" endtime="20211223 21:00:28.113"/>
</kw>
<status status="PASS" starttime="20211223 21:00:28.101" endtime="20211223 21:00:28.113"/>
</kw>
<kw name="End Web Test" library="CommonWeb" type="TEARDOWN">
<kw name="Close All Browsers" library="SeleniumLibrary">
<doc>Closes all open browsers and resets the browser cache.</doc>
<status status="PASS" starttime="20211223 21:00:28.114" endtime="20211223 21:00:28.545"/>
</kw>
<status status="PASS" starttime="20211223 21:00:28.114" endtime="20211223 21:00:28.545"/>
</kw>
<doc>This is test 2</doc>
<tag>test2</tag>
<status status="PASS" starttime="20211223 21:00:16.930" endtime="20211223 21:00:28.545"/>
</test>
<doc>Talk about what this suite of tests does</doc>
<status status="PASS" starttime="20211223 21:00:04.749" endtime="20211223 21:00:28.546"/>
</suite>
<statistics>
<total>
<stat pass="2" fail="0" skip="0">All Tests</stat>
</total>
<tag>
<stat pass="1" fail="0" skip="0">test1</stat>
<stat pass="1" fail="0" skip="0">test2</stat>
</tag>
<suite>
<stat pass="2" fail="0" skip="0" id="s1" name="Front Office">Front Office</stat>
</suite>
</statistics>
<errors>
</errors>
</robot>
