<?xml version="1.0" encoding="UTF-8"?>
<robot generator="Robot 4.1.3 (Python 3.10.1 on win32)" generated="20220105 23:32:04.247" rpa="false" schemaversion="2">
<suite id="s1" name="Front Office" source="C:\PycharmProjects\udemy_01\tests\Front_Office.robot">
<test id="s1-t1" name="Should be able to access &quot;Team&quot; page">
<kw name="Begin Web Test" library="CommonWeb" type="SETUP">
<kw name="Open Browser" library="SeleniumLibrary">
<arg>about:blank</arg>
<arg>${BROWSER}</arg>
<doc>Opens a new browser instance to the optional ``url``.</doc>
<msg timestamp="20220105 23:32:04.408" level="INFO">Opening browser 'firefox' to base url 'about:blank'.</msg>
<msg timestamp="20220105 23:32:04.409" level="INFO">Firefox driver log is always forced to to: C:\PycharmProjects\udemy_01\results\geckodriver-7.log</msg>
<status status="PASS" starttime="20220105 23:32:04.408" endtime="20220105 23:32:09.579"/>
</kw>
<status status="PASS" starttime="20220105 23:32:04.408" endtime="20220105 23:32:09.579"/>
</kw>
<kw name="Go to Landing Page" library="FrontOfficeApp">
<kw name="Navigate To" library="Landing">
<kw name="Go To" library="SeleniumLibrary">
<arg>${URL}</arg>
<doc>Navigates the current browser window to the provided ``url``.</doc>
<msg timestamp="20220105 23:32:09.580" level="INFO">Opening url 'http://www.robotframeworktutorial.com/front-office'</msg>
<status status="PASS" starttime="20220105 23:32:09.580" endtime="20220105 23:32:12.237"/>
</kw>
<status status="PASS" starttime="20220105 23:32:09.579" endtime="20220105 23:32:12.238"/>
</kw>
<kw name="Verify Page Loaded" library="Landing">
<kw name="Wait Until Page Contains Element" library="SeleniumLibrary">
<arg>${LANDING_NAVIGATION_ELEMENT}</arg>
<doc>Waits until the element ``locator`` appears on the current page.</doc>
<status status="PASS" starttime="20220105 23:32:12.238" endtime="20220105 23:32:12.244"/>
</kw>
<status status="PASS" starttime="20220105 23:32:12.238" endtime="20220105 23:32:12.244"/>
</kw>
<status status="PASS" starttime="20220105 23:32:09.579" endtime="20220105 23:32:12.244"/>
</kw>
<kw name="Go to &quot;Team&quot; Page" library="FrontOfficeApp">
<kw name="Select &quot;Team&quot; Page" library="TopNav">
<kw name="Click Element" library="SeleniumLibrary">
<arg>${TOP_NAV_TEAM_LINK}</arg>
<doc>Click the element identified by ``locator``.</doc>
<msg timestamp="20220105 23:32:12.245" level="INFO">Clicking element 'css=#bs-example-navbar-collapse-1 &gt; ul &gt; li:nth-child(5) &gt; a'.</msg>
<status status="PASS" starttime="20220105 23:32:12.245" endtime="20220105 23:32:12.461"/>
</kw>
<kw name="Sleep" library="BuiltIn">
<arg>3s</arg>
<doc>Pauses the test executed for the given time.</doc>
<msg timestamp="20220105 23:32:15.471" level="INFO">Slept 3 seconds</msg>
<status status="PASS" starttime="20220105 23:32:12.462" endtime="20220105 23:32:15.471"/>
</kw>
<status status="PASS" starttime="20220105 23:32:12.245" endtime="20220105 23:32:15.472"/>
</kw>
<kw name="Verify Page Loaded" library="Team">
<kw name="Wait Until Page Contains Element" library="SeleniumLibrary">
<arg>${TEAM_HEADER_LABEL}</arg>
<doc>Waits until the element ``locator`` appears on the current page.</doc>
<status status="PASS" starttime="20220105 23:32:15.473" endtime="20220105 23:32:15.483"/>
</kw>
<status status="PASS" starttime="20220105 23:32:15.472" endtime="20220105 23:32:15.483"/>
</kw>
<status status="PASS" starttime="20220105 23:32:12.245" endtime="20220105 23:32:15.484"/>
</kw>
<kw name="End Web Test" library="CommonWeb" type="TEARDOWN">
<kw name="Close All Browsers" library="SeleniumLibrary">
<doc>Closes all open browsers and resets the browser cache.</doc>
<status status="PASS" starttime="20220105 23:32:15.487" endtime="20220105 23:32:15.930"/>
</kw>
<status status="PASS" starttime="20220105 23:32:15.486" endtime="20220105 23:32:15.930"/>
</kw>
<doc>This is test 1</doc>
<tag>test1</tag>
<status status="PASS" starttime="20220105 23:32:04.407" endtime="20220105 23:32:15.930"/>
</test>
<test id="s1-t2" name="&quot;Team&quot; page should match requirements">
<kw name="Begin Web Test" library="CommonWeb" type="SETUP">
<kw name="Open Browser" library="SeleniumLibrary">
<arg>about:blank</arg>
<arg>${BROWSER}</arg>
<doc>Opens a new browser instance to the optional ``url``.</doc>
<msg timestamp="20220105 23:32:15.932" level="INFO">Opening browser 'firefox' to base url 'about:blank'.</msg>
<msg timestamp="20220105 23:32:15.932" level="INFO">Firefox driver log is always forced to to: C:\PycharmProjects\udemy_01\results\geckodriver-8.log</msg>
<status status="PASS" starttime="20220105 23:32:15.931" endtime="20220105 23:32:21.099"/>
</kw>
<status status="PASS" starttime="20220105 23:32:15.931" endtime="20220105 23:32:21.099"/>
</kw>
<kw name="Go to Landing Page" library="FrontOfficeApp">
<kw name="Navigate To" library="Landing">
<kw name="Go To" library="SeleniumLibrary">
<arg>${URL}</arg>
<doc>Navigates the current browser window to the provided ``url``.</doc>
<msg timestamp="20220105 23:32:21.100" level="INFO">Opening url 'http://www.robotframeworktutorial.com/front-office'</msg>
<status status="PASS" starttime="20220105 23:32:21.100" endtime="20220105 23:32:23.592"/>
</kw>
<status status="PASS" starttime="20220105 23:32:21.100" endtime="20220105 23:32:23.592"/>
</kw>
<kw name="Verify Page Loaded" library="Landing">
<kw name="Wait Until Page Contains Element" library="SeleniumLibrary">
<arg>${LANDING_NAVIGATION_ELEMENT}</arg>
<doc>Waits until the element ``locator`` appears on the current page.</doc>
<status status="PASS" starttime="20220105 23:32:23.592" endtime="20220105 23:32:23.599"/>
</kw>
<status status="PASS" starttime="20220105 23:32:23.592" endtime="20220105 23:32:23.600"/>
</kw>
<status status="PASS" starttime="20220105 23:32:21.100" endtime="20220105 23:32:23.600"/>
</kw>
<kw name="Go to &quot;Team&quot; Page" library="FrontOfficeApp">
<kw name="Select &quot;Team&quot; Page" library="TopNav">
<kw name="Click Element" library="SeleniumLibrary">
<arg>${TOP_NAV_TEAM_LINK}</arg>
<doc>Click the element identified by ``locator``.</doc>
<msg timestamp="20220105 23:32:23.601" level="INFO">Clicking element 'css=#bs-example-navbar-collapse-1 &gt; ul &gt; li:nth-child(5) &gt; a'.</msg>
<status status="PASS" starttime="20220105 23:32:23.600" endtime="20220105 23:32:23.816"/>
</kw>
<kw name="Sleep" library="BuiltIn">
<arg>3s</arg>
<doc>Pauses the test executed for the given time.</doc>
<msg timestamp="20220105 23:32:26.818" level="INFO">Slept 3 seconds</msg>
<status status="PASS" starttime="20220105 23:32:23.816" endtime="20220105 23:32:26.818"/>
</kw>
<status status="PASS" starttime="20220105 23:32:23.600" endtime="20220105 23:32:26.819"/>
</kw>
<kw name="Verify Page Loaded" library="Team">
<kw name="Wait Until Page Contains Element" library="SeleniumLibrary">
<arg>${TEAM_HEADER_LABEL}</arg>
<doc>Waits until the element ``locator`` appears on the current page.</doc>
<status status="PASS" starttime="20220105 23:32:26.820" endtime="20220105 23:32:26.825"/>
</kw>
<status status="PASS" starttime="20220105 23:32:26.819" endtime="20220105 23:32:26.825"/>
</kw>
<status status="PASS" starttime="20220105 23:32:23.600" endtime="20220105 23:32:26.825"/>
</kw>
<kw name="Validate &quot;Team&quot; Page" library="FrontOfficeApp">
<kw name="Validate Page Contents" library="Team">
<kw name="Get Text" library="SeleniumLibrary">
<var>${ElementText}</var>
<arg>${TEAM_HEADER_LABEL}</arg>
<doc>Returns the text value of the element identified by ``locator``.</doc>
<msg timestamp="20220105 23:32:26.835" level="INFO">${ElementText} = OUR AMAZING TEAM</msg>
<status status="PASS" starttime="20220105 23:32:26.825" endtime="20220105 23:32:26.835"/>
</kw>
<kw name="Should Be Equal As Strings" library="BuiltIn">
<arg>${ElementText}</arg>
<arg>Our Amazing Team</arg>
<arg>ignore_case=true</arg>
<doc>Fails if objects are unequal after converting them to strings.</doc>
<status status="PASS" starttime="20220105 23:32:26.835" endtime="20220105 23:32:26.835"/>
</kw>
<status status="PASS" starttime="20220105 23:32:26.825" endtime="20220105 23:32:26.835"/>
</kw>
<status status="PASS" starttime="20220105 23:32:26.825" endtime="20220105 23:32:26.835"/>
</kw>
<kw name="End Web Test" library="CommonWeb" type="TEARDOWN">
<kw name="Close All Browsers" library="SeleniumLibrary">
<doc>Closes all open browsers and resets the browser cache.</doc>
<status status="PASS" starttime="20220105 23:32:26.836" endtime="20220105 23:32:27.282"/>
</kw>
<status status="PASS" starttime="20220105 23:32:26.836" endtime="20220105 23:32:27.282"/>
</kw>
<doc>This is test 2</doc>
<tag>test2</tag>
<status status="PASS" starttime="20220105 23:32:15.931" endtime="20220105 23:32:27.282"/>
</test>
<doc>Talk about what this suite of tests does</doc>
<status status="PASS" starttime="20220105 23:32:04.248" endtime="20220105 23:32:27.283"/>
</suite>
<statistics>
<total>
<stat pass="2" fail="0" skip="0">All Tests</stat>
</total>
<tag>
<stat pass="1" fail="0" skip="0">test1</stat>
<stat pass="1" fail="0" skip="0">test2</stat>
</tag>
<suite>
<stat pass="2" fail="0" skip="0" id="s1" name="Front Office">Front Office</stat>
</suite>
</statistics>
<errors>
</errors>
</robot>
