<?xml version="1.0" encoding="UTF-8"?>
<robot generator="Robot 4.1.3 (Python 3.10.1 on win32)" generated="20220104 17:03:45.559" rpa="false" schemaversion="2">
<suite id="s1" name="Search-Flights" source="C:\PycharmProjects\ThBe\pythonProject_ThBe_202220104\search-flights.robot">
<kw name="Open Browser" library="SeleniumLibrary" type="SETUP">
<arg>${URL}</arg>
<arg>${BROWSER}</arg>
<doc>Opens a new browser instance to the optional ``url``.</doc>
<msg timestamp="20220104 17:03:45.708" level="INFO">Opening browser 'firefox' to base url 'http://blazedemo.com/'.</msg>
<msg timestamp="20220104 17:03:45.709" level="INFO">Firefox driver log is always forced to to: C:\PycharmProjects\ThBe\pythonProject_ThBe_202220104\geckodriver-2.log</msg>
<status status="PASS" starttime="20220104 17:03:45.708" endtime="20220104 17:04:22.109"/>
</kw>
<test id="s1-t1" name="The user can search for flights">
<kw name="Select From List By Value" library="SeleniumLibrary">
<arg>xpath://select[@name='fromPort']</arg>
<arg>Paris</arg>
<doc>Selects options from selection list ``locator`` by ``values``.</doc>
<msg timestamp="20220104 17:04:22.110" level="INFO">Selecting options from selection list 'xpath://select[@name='fromPort']' by value Paris.</msg>
<status status="PASS" starttime="20220104 17:04:22.110" endtime="20220104 17:04:22.129"/>
</kw>
<kw name="Select From List By Value" library="SeleniumLibrary">
<arg>xpath://select[@name='toPort']</arg>
<arg>London</arg>
<doc>Selects options from selection list ``locator`` by ``values``.</doc>
<msg timestamp="20220104 17:04:22.130" level="INFO">Selecting options from selection list 'xpath://select[@name='toPort']' by value London.</msg>
<status status="PASS" starttime="20220104 17:04:22.130" endtime="20220104 17:04:22.356"/>
</kw>
<kw name="Click Button" library="SeleniumLibrary">
<arg>css:input[type='submit']</arg>
<doc>Clicks the button identified by ``locator``.</doc>
<msg timestamp="20220104 17:04:22.358" level="INFO">Clicking button 'css:input[type='submit']'.</msg>
<status status="PASS" starttime="20220104 17:04:22.358" endtime="20220104 17:04:27.619"/>
</kw>
<kw name="Get WebElements" library="SeleniumLibrary">
<var>@{flights}</var>
<arg>css:table[class='table']&gt;tbody tr</arg>
<doc>Returns a list of WebElement objects matching the ``locator``.</doc>
<msg timestamp="20220104 17:04:27.629" level="INFO">@{flights} = [ ]</msg>
<status status="PASS" starttime="20220104 17:04:27.621" endtime="20220104 17:04:27.629"/>
</kw>
<kw name="Should Not Be Empty" library="BuiltIn">
<arg>${flights}</arg>
<doc>Verifies that the given item is not empty.</doc>
<msg timestamp="20220104 17:04:27.630" level="INFO">Length is 0</msg>
<msg timestamp="20220104 17:04:27.630" level="FAIL">'[]' should not be empty.</msg>
<status status="FAIL" starttime="20220104 17:04:27.630" endtime="20220104 17:04:27.630"/>
</kw>
<tag>search_flights</tag>
<status status="FAIL" starttime="20220104 17:04:22.109" endtime="20220104 17:04:27.631">'[]' should not be empty.</status>
</test>
<kw name="Close All Browsers" library="SeleniumLibrary" type="TEARDOWN">
<doc>Closes all open browsers and resets the browser cache.</doc>
<status status="PASS" starttime="20220104 17:04:27.631" endtime="20220104 17:04:28.053"/>
</kw>
<status status="FAIL" starttime="20220104 17:03:45.560" endtime="20220104 17:04:28.053"/>
</suite>
<statistics>
<total>
<stat pass="0" fail="1" skip="0">All Tests</stat>
</total>
<tag>
<stat pass="0" fail="1" skip="0">search_flights</stat>
</tag>
<suite>
<stat pass="0" fail="1" skip="0" id="s1" name="Search-Flights">Search-Flights</stat>
</suite>
</statistics>
<errors>
</errors>
</robot>
