<?xml version="1.0" encoding="UTF-8"?>
<robot generator="Robot 4.1.3 (Python 3.10.1 on win32)" generated="20220105 15:30:26.700" rpa="false" schemaversion="2">
<suite id="s1" name="Returning User Reminder Clean" source="C:\PycharmProjects\RobotCourseFiles\DemoStoreSuperSQA\tests\Checkout\returning_user_reminder_clean.robot">
<test id="s1-t1" name="Checkout page should prompt returning users to login">
<kw name="Go to home page" library="checkout_page_resources">
<kw name="Open Browser" library="SeleniumLibrary">
<arg>about:blank</arg>
<arg>Firefox</arg>
<doc>Opens a new browser instance to the optional ``url``.</doc>
<msg timestamp="20220105 15:30:26.860" level="INFO">Opening browser 'Firefox' to base url 'about:blank'.</msg>
<msg timestamp="20220105 15:30:26.861" level="INFO">Firefox driver log is always forced to to: C:\PycharmProjects\RobotCourseFiles\DemoStoreSuperSQA\geckodriver-3.log</msg>
<status status="PASS" starttime="20220105 15:30:26.860" endtime="20220105 15:30:32.008"/>
</kw>
<kw name="Go To" library="SeleniumLibrary">
<arg>${homepage}</arg>
<doc>Navigates the current browser window to the provided ``url``.</doc>
<msg timestamp="20220105 15:30:32.008" level="INFO">Opening url 'http://demostore.supersqa.com'</msg>
<status status="PASS" starttime="20220105 15:30:32.008" endtime="20220105 15:30:35.300"/>
</kw>
<status status="PASS" starttime="20220105 15:30:26.860" endtime="20220105 15:30:35.301"/>
</kw>
<kw name="Add item to cart and navigate to checkout" library="checkout_page_resources">
<kw name="Click Link" library="SeleniumLibrary">
<arg>${first item locator}</arg>
<doc>Clicks a link identified by ``locator``.</doc>
<msg timestamp="20220105 15:30:35.301" level="INFO">Clicking link 'xpath=//*[@id="main"]/div[2]/ul/li[1]/a[2]'.</msg>
<kw name="Capture Page Screenshot" library="SeleniumLibrary">
<doc>Takes a screenshot of the current page and embeds it into a log file.</doc>
<msg timestamp="20220105 15:30:40.580" level="FAIL">NoSuchWindowException: Message: Browsing context has been discarded
Stacktrace:
WebDriverError@chrome://remote/content/shared/webdriver/Errors.jsm:181:5
NoSuchWindowError@chrome://remote/content/shared/webdriver/Errors.jsm:415:5
assert.that/&lt;@chrome://remote/content/shared/webdriver/Assert.jsm:435:13
assert.open@chrome://remote/content/shared/webdriver/Assert.jsm:143:4
GeckoDriver.prototype.takeScreenshot@chrome://remote/content/marionette/driver.js:2201:10
despatch@chrome://remote/content/marionette/server.js:306:40
execute@chrome://remote/content/marionette/server.js:279:16
onPacket/&lt;@chrome://remote/content/marionette/server.js:252:20
onPacket@chrome://remote/content/marionette/server.js:253:9
_onJSONObjectReady/&lt;@chrome://remote/content/marionette/transport.js:500:20
</msg>
<status status="FAIL" starttime="20220105 15:30:40.573" endtime="20220105 15:30:40.580"/>
</kw>
<msg timestamp="20220105 15:30:40.580" level="WARN">Keyword 'Capture Page Screenshot' could not be run on failure: NoSuchWindowException: Message: Browsing context has been discarded
Stacktrace:
WebDriverError@chrome://remote/content/shared/webdriver/Errors.jsm:181:5
NoSuchWindowError@chrome://remote/content/shared/webdriver/Errors.jsm:415:5
assert.that/&lt;@chrome://remote/content/shared/webdriver/Assert.jsm:435:13
assert.open@chrome://remote/content/shared/webdriver/Assert.jsm:143:4
GeckoDriver.prototype.takeScreenshot@chrome://remote/content/marionette/driver.js:2201:10
despatch@chrome://remote/content/marionette/server.js:306:40
execute@chrome://remote/content/marionette/server.js:279:16
onPacket/&lt;@chrome://remote/content/marionette/server.js:252:20
onPacket@chrome://remote/content/marionette/server.js:253:9
_onJSONObjectReady/&lt;@chrome://remote/content/marionette/transport.js:500:20
</msg>
<msg timestamp="20220105 15:30:40.583" level="FAIL">WebDriverException: Message: TypeError: browsingContext.currentWindowGlobal is null
Stacktrace:
getMarionetteCommandsActorProxy/get/&lt;@chrome://remote/content/marionette/actors/MarionetteCommandsParent.jsm:326:29
</msg>
<status status="FAIL" starttime="20220105 15:30:35.301" endtime="20220105 15:30:40.583"/>
</kw>
<kw name="Sleep" library="BuiltIn">
<arg>1</arg>
<doc>Pauses the test executed for the given time.</doc>
<status status="NOT RUN" starttime="20220105 15:30:40.584" endtime="20220105 15:30:40.584"/>
</kw>
<kw name="Click Link" library="SeleniumLibrary">
<arg>${cart button locator}</arg>
<doc>Clicks a link identified by ``locator``.</doc>
<status status="NOT RUN" starttime="20220105 15:30:40.584" endtime="20220105 15:30:40.584"/>
</kw>
<kw name="Click Link" library="SeleniumLibrary">
<arg>${checkout button locator}</arg>
<doc>Clicks a link identified by ``locator``.</doc>
<status status="NOT RUN" starttime="20220105 15:30:40.584" endtime="20220105 15:30:40.584"/>
</kw>
<status status="FAIL" starttime="20220105 15:30:35.301" endtime="20220105 15:30:40.585"/>
</kw>
<kw name="Notice for returning user to log in should be displayed" library="checkout_page_resources">
<status status="NOT RUN" starttime="20220105 15:30:40.585" endtime="20220105 15:30:40.585"/>
</kw>
<kw name="Close Browser" library="SeleniumLibrary">
<doc>Closes the current browser.</doc>
<status status="NOT RUN" starttime="20220105 15:30:40.586" endtime="20220105 15:30:40.586"/>
</kw>
<status status="FAIL" starttime="20220105 15:30:26.860" endtime="20220105 15:30:40.586">WebDriverException: Message: TypeError: browsingContext.currentWindowGlobal is null
Stacktrace:
getMarionetteCommandsActorProxy/get/&lt;@chrome://remote/content/marionette/actors/MarionetteCommandsParent.jsm:326:29
</status>
</test>
<status status="FAIL" starttime="20220105 15:30:26.701" endtime="20220105 15:30:40.588"/>
</suite>
<statistics>
<total>
<stat pass="0" fail="1" skip="0">All Tests</stat>
</total>
<tag>
</tag>
<suite>
<stat pass="0" fail="1" skip="0" id="s1" name="Returning User Reminder Clean">Returning User Reminder Clean</stat>
</suite>
</statistics>
<errors>
<msg timestamp="20220105 15:30:40.580" level="WARN">Keyword 'Capture Page Screenshot' could not be run on failure: NoSuchWindowException: Message: Browsing context has been discarded
Stacktrace:
WebDriverError@chrome://remote/content/shared/webdriver/Errors.jsm:181:5
NoSuchWindowError@chrome://remote/content/shared/webdriver/Errors.jsm:415:5
assert.that/&lt;@chrome://remote/content/shared/webdriver/Assert.jsm:435:13
assert.open@chrome://remote/content/shared/webdriver/Assert.jsm:143:4
GeckoDriver.prototype.takeScreenshot@chrome://remote/content/marionette/driver.js:2201:10
despatch@chrome://remote/content/marionette/server.js:306:40
execute@chrome://remote/content/marionette/server.js:279:16
onPacket/&lt;@chrome://remote/content/marionette/server.js:252:20
onPacket@chrome://remote/content/marionette/server.js:253:9
_onJSONObjectReady/&lt;@chrome://remote/content/marionette/transport.js:500:20
</msg>
</errors>
</robot>
