<?xml version="1.0" encoding="UTF-8"?>
<robot generator="Robot 4.1.3 (Python 3.10.1 on win32)" generated="20220105 22:27:24.543" rpa="false" schemaversion="2">
<suite id="s1" name="My Account" source="C:\PycharmProjects\DemoTestCases\my_account.robot">
<test id="s1-t1" name="Login attempt with invalid user should show error">
<kw name="Open Browser" library="SeleniumLibrary">
<arg>http://demostore.supersqa.com/</arg>
<arg>firefox</arg>
<doc>Opens a new browser instance to the optional ``url``.</doc>
<msg timestamp="20220105 22:27:24.695" level="INFO">Opening browser 'firefox' to base url 'http://demostore.supersqa.com/'.</msg>
<msg timestamp="20220105 22:27:24.696" level="INFO">Firefox driver log is always forced to to: C:\PycharmProjects\DemoTestCases\geckodriver-14.log</msg>
<status status="PASS" starttime="20220105 22:27:24.695" endtime="20220105 22:27:31.945"/>
</kw>
<kw name="Click Element" library="SeleniumLibrary">
<arg>//*[@class='page_item page-item-9']</arg>
<doc>Click the element identified by ``locator``.</doc>
<msg timestamp="20220105 22:27:31.946" level="INFO">Clicking element '//*[@class='page_item page-item-9']'.</msg>
<status status="PASS" starttime="20220105 22:27:31.945" endtime="20220105 22:27:32.653"/>
</kw>
<kw name="Input Text" library="SeleniumLibrary">
<arg>id=username</arg>
<arg>fakeuser</arg>
<doc>Types the given ``text`` into the text field identified by ``locator``.</doc>
<msg timestamp="20220105 22:27:32.654" level="INFO">Typing text 'fakeuser' into text field 'id=username'.</msg>
<status status="PASS" starttime="20220105 22:27:32.654" endtime="20220105 22:27:32.669"/>
</kw>
<kw name="Input Text" library="SeleniumLibrary">
<arg>id=password</arg>
<arg>fakepassword</arg>
<doc>Types the given ``text`` into the text field identified by ``locator``.</doc>
<msg timestamp="20220105 22:27:32.670" level="INFO">Typing text 'fakepassword' into text field 'id=password'.</msg>
<status status="PASS" starttime="20220105 22:27:32.670" endtime="20220105 22:27:32.682"/>
</kw>
<kw name="Click Element" library="SeleniumLibrary">
<arg>css=#post-73 &gt; div &gt; div &gt; form &gt; p:nth-child(3) &gt; input.woocommerce-Button.button</arg>
<doc>Click the element identified by ``locator``.</doc>
<msg timestamp="20220105 22:27:32.682" level="INFO">Clicking element 'css=#post-73 &gt; div &gt; div &gt; form &gt; p:nth-child(3) &gt; input.woocommerce-Button.button'.</msg>
<kw name="Capture Page Screenshot" library="SeleniumLibrary">
<doc>Takes a screenshot of the current page and embeds it into a log file.</doc>
<msg timestamp="20220105 22:27:32.723" level="INFO" html="true">&lt;/td&gt;&lt;/tr&gt;&lt;tr&gt;&lt;td colspan="3"&gt;&lt;a href="selenium-screenshot-33.png"&gt;&lt;img src="selenium-screenshot-33.png" width="800px"&gt;&lt;/a&gt;</msg>
<status status="PASS" starttime="20220105 22:27:32.684" endtime="20220105 22:27:32.723"/>
</kw>
<msg timestamp="20220105 22:27:32.724" level="FAIL">Element with locator 'css=#post-73 &gt; div &gt; div &gt; form &gt; p:nth-child(3) &gt; input.woocommerce-Button.button' not found.</msg>
<status status="FAIL" starttime="20220105 22:27:32.682" endtime="20220105 22:27:32.724"/>
</kw>
<kw name="Element Should Be Visible" library="SeleniumLibrary">
<arg>css=#content &gt; div &gt; div.woocommerce &gt; ul</arg>
<doc>Verifies that the element identified by ``locator`` is visible.</doc>
<status status="NOT RUN" starttime="20220105 22:27:32.725" endtime="20220105 22:27:32.725"/>
</kw>
<kw name="Element Text Should Be" library="SeleniumLibrary">
<arg>css=#content &gt; div &gt; div.woocommerce &gt; ul</arg>
<arg>ERROR: Invalid username. Lost your password?</arg>
<doc>Verifies that element ``locator`` contains exact the text ``expected``.</doc>
<status status="NOT RUN" starttime="20220105 22:27:32.726" endtime="20220105 22:27:32.726"/>
</kw>
<kw name="Close Browser" library="SeleniumLibrary">
<doc>Closes the current browser.</doc>
<status status="NOT RUN" starttime="20220105 22:27:32.726" endtime="20220105 22:27:32.726"/>
</kw>
<status status="FAIL" starttime="20220105 22:27:24.695" endtime="20220105 22:27:32.726">Element with locator 'css=#post-73 &gt; div &gt; div &gt; form &gt; p:nth-child(3) &gt; input.woocommerce-Button.button' not found.</status>
</test>
<status status="FAIL" starttime="20220105 22:27:24.544" endtime="20220105 22:27:32.727"/>
</suite>
<statistics>
<total>
<stat pass="0" fail="1" skip="0">All Tests</stat>
</total>
<tag>
</tag>
<suite>
<stat pass="0" fail="1" skip="0" id="s1" name="My Account">My Account</stat>
</suite>
</statistics>
<errors>
</errors>
</robot>
