<?xml version="1.0" encoding="UTF-8"?>
<robot generator="Robot 4.1.3 (Python 3.10.1 on win32)" generated="20220107 15:36:49.741" rpa="false" schemaversion="2">
<suite id="s1" name="Getting-Started" source="C:\PycharmProjects\GettingStarted\getting-started.robot">
<test id="s1-t1" name="Valid Login">
<kw name="Open Login Page" library="resource">
<kw name="New Browser" library="Browser">
<arg>${BROWSER_TYPE}</arg>
<arg>headless=false</arg>
<tag>BrowserControl</tag>
<tag>Setter</tag>
<doc>Create a new playwright Browser with specified options.</doc>
<msg timestamp="20220107 15:36:50.420" level="INFO">{"browser": "chromium", "headless": false, "handleSIGINT": true, "handleSIGTERM": true, "handleSIGHUP": true, "timeout": 30000.0, "devtools": false, "slowMo": 0.0, "tracesDir": "C:\\PycharmProjects\\GettingStarted\\browser\\traces\\827a2b17-ae0a-4414-be66-2598bb7ad12b"}</msg>
<msg timestamp="20220107 15:36:50.846" level="INFO">Successfully created browser with options: {"browser":"chromium","headless":false,"handleSIGINT":true,"handleSIGTERM":true,"handleSIGHUP":true,"timeout":30000,"devtools":false,"slowMo":0,"tracesDir":"C:\\PycharmProjects\\GettingStarted\\browser\\traces\\827a2b17-ae0a-4414-be66-2598bb7ad12b"}</msg>
<status status="PASS" starttime="20220107 15:36:50.420" endtime="20220107 15:36:50.846"/>
</kw>
<kw name="New Page" library="Browser">
<arg>${DEMO_URL}</arg>
<tag>BrowserControl</tag>
<tag>Setter</tag>
<doc>Open a new Page.</doc>
<msg timestamp="20220107 15:36:51.489" level="INFO">Successfully initialized new page object and opened url: https://robotframework.org/demoapp</msg>
<msg timestamp="20220107 15:36:51.489" level="INFO">No context was open. New context was automatically opened when this page is created.</msg>
<status status="PASS" starttime="20220107 15:36:50.847" endtime="20220107 15:36:51.489"/>
</kw>
<kw name="Login Page Should Be Open" library="resource">
<kw name="Get Url" library="Browser">
<arg>==</arg>
<arg>${DEMO_URL}</arg>
<tag>Assertion</tag>
<tag>Getter</tag>
<tag>PageContent</tag>
<doc>Returns the current URL.</doc>
<status status="PASS" starttime="20220107 15:36:51.489" endtime="20220107 15:36:51.493"/>
</kw>
<kw name="Get Title" library="Browser">
<arg>==</arg>
<arg>Robot Framework</arg>
<tag>Assertion</tag>
<tag>Getter</tag>
<tag>PageContent</tag>
<doc>Returns the title of the current page.</doc>
<status status="PASS" starttime="20220107 15:36:51.493" endtime="20220107 15:36:51.497"/>
</kw>
<status status="PASS" starttime="20220107 15:36:51.489" endtime="20220107 15:36:51.498"/>
</kw>
<status status="PASS" starttime="20220107 15:36:50.420" endtime="20220107 15:36:51.498"/>
</kw>
<kw name="Input Credentials" library="resource">
<arg>robot</arg>
<arg>overloard</arg>
<kw name="Type Text" library="Browser">
<arg>text=Username</arg>
<arg>${username}</arg>
<tag>PageContent</tag>
<tag>Setter</tag>
<doc>Types the given ``txt`` into the text field found by ``selector``.</doc>
<msg timestamp="20220107 15:36:51.499" level="INFO">Types the text 'robot' in the given field.</msg>
<status status="PASS" starttime="20220107 15:36:51.498" endtime="20220107 15:36:51.541"/>
</kw>
<kw name="Type Text" library="Browser">
<arg>text=Password</arg>
<arg>${password}</arg>
<tag>PageContent</tag>
<tag>Setter</tag>
<doc>Types the given ``txt`` into the text field found by ``selector``.</doc>
<msg timestamp="20220107 15:36:51.541" level="INFO">Types the text 'overloard' in the given field.</msg>
<status status="PASS" starttime="20220107 15:36:51.541" endtime="20220107 15:36:51.561"/>
</kw>
<status status="PASS" starttime="20220107 15:36:51.498" endtime="20220107 15:36:51.561"/>
</kw>
<kw name="Submit Credentials" library="resource">
<kw name="Click" library="Browser">
<arg>input[type=submit]</arg>
<tag>PageContent</tag>
<tag>Setter</tag>
<doc>Simulates mouse click on the element found by ``selector``.</doc>
<status status="PASS" starttime="20220107 15:36:51.562" endtime="20220107 15:36:51.600"/>
</kw>
<status status="PASS" starttime="20220107 15:36:51.562" endtime="20220107 15:36:51.600"/>
</kw>
<kw name="Welcome Page Should Be Open" library="resource">
<kw name="Get Url" library="Browser">
<arg>==</arg>
<arg>${DEMO URL}</arg>
<tag>Assertion</tag>
<tag>Getter</tag>
<tag>PageContent</tag>
<doc>Returns the current URL.</doc>
<status status="PASS" starttime="20220107 15:36:51.601" endtime="20220107 15:36:51.602"/>
</kw>
<kw name="Get Text" library="Browser">
<arg>body</arg>
<arg>==</arg>
<arg>I salute you, Robot overloard!</arg>
<tag>Assertion</tag>
<tag>Getter</tag>
<tag>PageContent</tag>
<doc>Returns text attribute of the element found by ``selector``.</doc>
<status status="PASS" starttime="20220107 15:36:51.602" endtime="20220107 15:36:51.616"/>
</kw>
<kw name="Get Title" library="Browser">
<arg>==</arg>
<arg>Robots rule</arg>
<tag>Assertion</tag>
<tag>Getter</tag>
<tag>PageContent</tag>
<doc>Returns the title of the current page.</doc>
<status status="PASS" starttime="20220107 15:36:51.616" endtime="20220107 15:36:51.617"/>
</kw>
<status status="PASS" starttime="20220107 15:36:51.600" endtime="20220107 15:36:51.618"/>
</kw>
<status status="PASS" starttime="20220107 15:36:50.418" endtime="20220107 15:36:51.618"/>
</test>
<doc>A test suite for valid login.

Keywords are imported from the resource file</doc>
<status status="PASS" starttime="20220107 15:36:49.742" endtime="20220107 15:36:51.658"/>
</suite>
<statistics>
<total>
<stat pass="1" fail="0" skip="0">All Tests</stat>
</total>
<tag>
</tag>
<suite>
<stat pass="1" fail="0" skip="0" id="s1" name="Getting-Started">Getting-Started</stat>
</suite>
</statistics>
<errors>
</errors>
</robot>
